<?xml version="1.0" encoding="UTF-8"?>
<testsuite name="LexerTest" tests="6" skipped="0" failures="0" errors="0" timestamp="2022-05-17T02:55:26" hostname="hzf-air3" time="0.115">
  <properties/>
  <testcase name="floatintPtTypeTest()" classname="LexerTest" time="0.083"/>
  <testcase name="booleanTest()" classname="LexerTest" time="0.007"/>
  <testcase name="stringTest()" classname="LexerTest" time="0.007"/>
  <testcase name="idTest()" classname="LexerTest" time="0.003"/>
  <testcase name="integerTest()" classname="LexerTest" time="0.004"/>
  <testcase name="charTest()" classname="LexerTest" time="0.006"/>
  <system-out><![CDATA[]]></system-out>
  <system-err><![CDATA[line 1:0 mismatched input 'f' expecting FLOATING_PT
line 1:0 mismatched input 'F' expecting FLOATING_PT
line 1:0 mismatched input 'd' expecting FLOATING_PT
line 1:0 mismatched input 'D' expecting FLOATING_PT
line 1:0 mismatched input 'e' expecting FLOATING_PT
line 1:0 mismatched input 'E' expecting FLOATING_PT
line 1:0 mismatched input '1' expecting FLOATING_PT
line 1:0 mismatched input '1' expecting FLOATING_PT
line 1:2 extraneous input 'E' expecting <EOF>
line 1:2 extraneous input 'e' expecting <EOF>
line 1:0 mismatched input '0' expecting FLOATING_PT
line 1:0 mismatched input '1' expecting FLOATING_PT
line 1:0 mismatched input '9' expecting FLOATING_PT
line 1:4 extraneous input '.2' expecting <EOF>
line 1:3 extraneous input '.2f' expecting <EOF>
line 1:0 mismatched input 'True' expecting BOOLEAN
line 1:0 mismatched input 'False' expecting BOOLEAN
line 1:0 mismatched input 'ture' expecting BOOLEAN
line 1:0 mismatched input 'TURE' expecting BOOLEAN
line 1:0 mismatched input 'FLASE' expecting BOOLEAN
line 1:0 mismatched input 'flase' expecting BOOLEAN
line 1:0 mismatched input 'TRue' expecting BOOLEAN
line 1:0 mismatched input 'TRUe' expecting BOOLEAN
line 1:0 mismatched input 'tRuE' expecting BOOLEAN
line 1:0 mismatched input 'tRUe' expecting BOOLEAN
line 1:0 mismatched input 'tRue' expecting BOOLEAN
line 1:0 mismatched input 'FAlse' expecting BOOLEAN
line 1:0 mismatched input 'FALSe' expecting BOOLEAN
line 1:0 mismatched input '1' expecting STRING
line 1:0 mismatched input 'a' expecting STRING
line 1:0 mismatched input 'Z' expecting STRING
line 1:0 token recognition error at: '''
line 1:0 token recognition error at: ''''
line 1:0 token recognition error at: ''"'
line 1:0 token recognition error at: '"''
line 1:0 token recognition error at: '"'
line 1:0 mismatched input ''a'' expecting STRING
line 1:0 mismatched input ''1'' expecting STRING
line 1:0 token recognition error at: ''\0'
line 1:0 token recognition error at: '"\t''
line 1:0 token recognition error at: ''\n"'
line 1:0 token recognition error at: '"\"'
line 1:0 token recognition error at: '"\\\"'
line 1:2 token recognition error at: '"'
line 1:0 token recognition error at: '_'
line 1:0 extraneous input '1' expecting ID
line 1:1 token recognition error at: '_'
line 1:1 token recognition error at: '_'
line 1:2 token recognition error at: '_'
line 1:0 mismatched input 'TRUE' expecting ID
line 1:0 mismatched input 'FALSE' expecting ID
line 1:0 mismatched input 'true' expecting ID
line 1:0 mismatched input 'false' expecting ID
line 1:1 extraneous input '0' expecting <EOF>
line 1:1 extraneous input '9' expecting <EOF>
line 1:2 extraneous input 'L' expecting <EOF>
line 1:2 extraneous input 'l' expecting <EOF>
line 1:2 extraneous input 'L' expecting <EOF>
line 1:2 extraneous input 'l' expecting <EOF>
line 1:0 mismatched input 'l' expecting INTEGER
line 1:0 mismatched input 'L' expecting INTEGER
line 1:0 mismatched input '1' expecting CHAR
line 1:0 mismatched input 'a' expecting CHAR
line 1:0 mismatched input 'Z' expecting CHAR
line 1:0 token recognition error at: '''
line 1:0 token recognition error at: ''''
line 1:0 token recognition error at: ''"'
line 1:0 token recognition error at: '"''
line 1:0 token recognition error at: '"'
line 1:0 token recognition error at: ''\''
line 1:0 token recognition error at: ''''
line 1:0 token recognition error at: ''\0'
line 1:0 mismatched input '"\b"' expecting CHAR
line 1:0 token recognition error at: '"\t''
line 1:0 token recognition error at: ''\n"'
line 1:0 mismatched input '"\f"' expecting CHAR
line 1:0 token recognition error at: ''\\\'
line 1:0 token recognition error at: ''aa'
line 1:0 token recognition error at: ''1a'
]]></system-err>
</testsuite>
